# JRE version: OpenJDK Runtime Environment (8.0_212-b04) (build 1.8.0_212-release-1586-b04)
# Java VM: OpenJDK 64-Bit Server VM (25.212-b04 mixed mode windows-amd64 compressed oops)
Heap:
 PSYoungGen      total 129024K, used 8125K [0x00000000e0000000, 0x00000000e8a80000, 0x0000000100000000)
  eden space 116224K, 6% used [0x00000000e0000000,0x00000000e07ef580,0x00000000e7180000)
  from space 12800K, 0% used [0x00000000e7180000,0x00000000e7180000,0x00000000e7e00000)
  to   space 10240K, 0% used [0x00000000e8080000,0x00000000e8080000,0x00000000e8a80000)
 ParOldGen       total 124928K, used 17060K [0x00000000a0000000, 0x00000000a7a00000, 0x00000000e0000000)
  object space 124928K, 13% used [0x00000000a0000000,0x00000000a10a9338,0x00000000a7a00000)
 Metaspace       used 34710K, capacity 35574K, committed 35712K, reserved 1079296K
  class space    used 4769K, capacity 4956K, committed 4992K, reserved 1048576K
GC Heap History (10 events):
Event: 3.753 GC heap before
{Heap before GC invocations=5 (full 1):
 PSYoungGen      total 76288K, used 7329K [0x00000000e0000000, 0x00000000e5500000, 0x0000000100000000)
  eden space 65536K, 0% used [0x00000000e0000000,0x00000000e0000000,0x00000000e4000000)
  from space 10752K, 68% used [0x00000000e4a80000,0x00000000e51a87b0,0x00000000e5500000)
  to   space 10752K, 0% used [0x00000000e4000000,0x00000000e4000000,0x00000000e4a80000)
 ParOldGen       total 175104K, used 1950K [0x00000000a0000000, 0x00000000aab00000, 0x00000000e0000000)
  object space 175104K, 1% used [0x00000000a0000000,0x00000000a01e7b30,0x00000000aab00000)
 Metaspace       used 20705K, capacity 21140K, committed 21296K, reserved 1067008K
  class space    used 2984K, capacity 3138K, committed 3200K, reserved 1048576K
Event: 3.807 GC heap after
Heap after GC invocations=5 (full 1):
 PSYoungGen      total 76288K, used 0K [0x00000000e0000000, 0x00000000e5500000, 0x0000000100000000)
  eden space 65536K, 0% used [0x00000000e0000000,0x00000000e0000000,0x00000000e4000000)
  from space 10752K, 0% used [0x00000000e4a80000,0x00000000e4a80000,0x00000000e5500000)
  to   space 10752K, 0% used [0x00000000e4000000,0x00000000e4000000,0x00000000e4a80000)
 ParOldGen       total 85504K, used 7245K [0x00000000a0000000, 0x00000000a5380000, 0x00000000e0000000)
  object space 85504K, 8% used [0x00000000a0000000,0x00000000a0713428,0x00000000a5380000)
 Metaspace       used 20705K, capacity 21140K, committed 21296K, reserved 1067008K
  class space    used 2984K, capacity 3138K, committed 3200K, reserved 1048576K
}
Event: 5.065 GC heap before
{Heap before GC invocations=6 (full 1):
 PSYoungGen      total 76288K, used 65536K [0x00000000e0000000, 0x00000000e5500000, 0x0000000100000000)
  eden space 65536K, 100% used [0x00000000e0000000,0x00000000e4000000,0x00000000e4000000)
  from space 10752K, 0% used [0x00000000e4a80000,0x00000000e4a80000,0x00000000e5500000)
  to   space 10752K, 0% used [0x00000000e4000000,0x00000000e4000000,0x00000000e4a80000)
 ParOldGen       total 85504K, used 7245K [0x00000000a0000000, 0x00000000a5380000, 0x00000000e0000000)
  object space 85504K, 8% used [0x00000000a0000000,0x00000000a0713428,0x00000000a5380000)
 Metaspace       used 28717K, capacity 29150K, committed 29440K, reserved 1075200K
  class space    used 3854K, capacity 4012K, committed 4096K, reserved 1048576K
Event: 5.071 GC heap after
Heap after GC invocations=6 (full 1):
 PSYoungGen      total 76288K, used 7850K [0x00000000e0000000, 0x00000000e8d80000, 0x0000000100000000)
  eden space 65536K, 0% used [0x00000000e0000000,0x00000000e0000000,0x00000000e4000000)
  from space 10752K, 73% used [0x00000000e4000000,0x00000000e47aa800,0x00000000e4a80000)
  to   space 13312K, 0% used [0x00000000e8080000,0x00000000e8080000,0x00000000e8d80000)
 ParOldGen       total 85504K, used 7253K [0x00000000a0000000, 0x00000000a5380000, 0x00000000e0000000)
  object space 85504K, 8% used [0x00000000a0000000,0x00000000a0715428,0x00000000a5380000)
 Metaspace       used 28717K, capacity 29150K, committed 29440K, reserved 1075200K
  class space    used 3854K, capacity 4012K, committed 4096K, reserved 1048576K
}
Event: 5.579 GC heap before
{Heap before GC invocations=7 (full 1):
 PSYoungGen      total 76288K, used 73386K [0x00000000e0000000, 0x00000000e8d80000, 0x0000000100000000)
  eden space 65536K, 100% used [0x00000000e0000000,0x00000000e4000000,0x00000000e4000000)
  from space 10752K, 73% used [0x00000000e4000000,0x00000000e47aa800,0x00000000e4a80000)
  to   space 13312K, 0% used [0x00000000e8080000,0x00000000e8080000,0x00000000e8d80000)
 ParOldGen       total 85504K, used 7253K [0x00000000a0000000, 0x00000000a5380000, 0x00000000e0000000)
  object space 85504K, 8% used [0x00000000a0000000,0x00000000a0715428,0x00000000a5380000)
 Metaspace       used 31704K, capacity 32168K, committed 32512K, reserved 1077248K
  class space    used 4339K, capacity 4503K, committed 4608K, reserved 1048576K
Event: 5.588 GC heap after
Heap after GC invocations=7 (full 1):
 PSYoungGen      total 126464K, used 8333K [0x00000000e0000000, 0x00000000e8a80000, 0x0000000100000000)
  eden space 116224K, 0% used [0x00000000e0000000,0x00000000e0000000,0x00000000e7180000)
  from space 10240K, 81% used [0x00000000e8080000,0x00000000e88a36e0,0x00000000e8a80000)
  to   space 12800K, 0% used [0x00000000e7180000,0x00000000e7180000,0x00000000e7e00000)
 ParOldGen       total 85504K, used 7261K [0x00000000a0000000, 0x00000000a5380000, 0x00000000e0000000)
  object space 85504K, 8% used [0x00000000a0000000,0x00000000a0717428,0x00000000a5380000)
 Metaspace       used 31704K, capacity 32168K, committed 32512K, reserved 1077248K
  class space    used 4339K, capacity 4503K, committed 4608K, reserved 1048576K
}
Event: 6.507 GC heap before
{Heap before GC invocations=8 (full 1):
 PSYoungGen      total 126464K, used 69877K [0x00000000e0000000, 0x00000000e8a80000, 0x0000000100000000)
  eden space 116224K, 52% used [0x00000000e0000000,0x00000000e3c19ff8,0x00000000e7180000)
  from space 10240K, 81% used [0x00000000e8080000,0x00000000e88a36e0,0x00000000e8a80000)
  to   space 12800K, 0% used [0x00000000e7180000,0x00000000e7180000,0x00000000e7e00000)
 ParOldGen       total 85504K, used 7261K [0x00000000a0000000, 0x00000000a5380000, 0x00000000e0000000)
  object space 85504K, 8% used [0x00000000a0000000,0x00000000a0717428,0x00000000a5380000)
 Metaspace       used 34552K, capacity 35356K, committed 35456K, reserved 1079296K
  class space    used 4737K, capacity 4947K, committed 4992K, reserved 1048576K
Event: 6.520 GC heap after
Heap after GC invocations=8 (full 1):
 PSYoungGen      total 129024K, used 10394K [0x00000000e0000000, 0x00000000e8a80000, 0x0000000100000000)
  eden space 116224K, 0% used [0x00000000e0000000,0x00000000e0000000,0x00000000e7180000)
  from space 12800K, 81% used [0x00000000e7180000,0x00000000e7ba6ae0,0x00000000e7e00000)
  to   space 10240K, 0% used [0x00000000e8080000,0x00000000e8080000,0x00000000e8a80000)
 ParOldGen       total 85504K, used 7269K [0x00000000a0000000, 0x00000000a5380000, 0x00000000e0000000)
  object space 85504K, 8% used [0x00000000a0000000,0x00000000a0719428,0x00000000a5380000)
 Metaspace       used 34552K, capacity 35356K, committed 35456K, reserved 1079296K
  class space    used 4737K, capacity 4947K, committed 4992K, reserved 1048576K
}
Event: 6.520 GC heap before
{Heap before GC invocations=9 (full 2):
 PSYoungGen      total 129024K, used 10394K [0x00000000e0000000, 0x00000000e8a80000, 0x0000000100000000)
  eden space 116224K, 0% used [0x00000000e0000000,0x00000000e0000000,0x00000000e7180000)
  from space 12800K, 81% used [0x00000000e7180000,0x00000000e7ba6ae0,0x00000000e7e00000)
  to   space 10240K, 0% used [0x00000000e8080000,0x00000000e8080000,0x00000000e8a80000)
 ParOldGen       total 85504K, used 7269K [0x00000000a0000000, 0x00000000a5380000, 0x00000000e0000000)
  object space 85504K, 8% used [0x00000000a0000000,0x00000000a0719428,0x00000000a5380000)
 Metaspace       used 34552K, capacity 35356K, committed 35456K, reserved 1079296K
  class space    used 4737K, capacity 4947K, committed 4992K, reserved 1048576K
Event: 6.609 GC heap after
Heap after GC invocations=9 (full 2):
 PSYoungGen      total 129024K, used 0K [0x00000000e0000000, 0x00000000e8a80000, 0x0000000100000000)
  eden space 116224K, 0% used [0x00000000e0000000,0x00000000e0000000,0x00000000e7180000)
  from space 12800K, 0% used [0x00000000e7180000,0x00000000e7180000,0x00000000e7e00000)
  to   space 10240K, 0% used [0x00000000e8080000,0x00000000e8080000,0x00000000e8a80000)
 ParOldGen       total 124928K, used 17060K [0x00000000a0000000, 0x00000000a7a00000, 0x00000000e0000000)
  object space 124928K, 13% used [0x00000000a0000000,0x00000000a10a9338,0x00000000a7a00000)
 Metaspace       used 34542K, capacity 35326K, committed 35456K, reserved 1079296K
  class space    used 4734K, capacity 4942K, committed 4992K, reserved 1048576K
}

