# JRE version: OpenJDK Runtime Environment (8.0_212-b04) (build 1.8.0_212-release-1586-b04)
# Java VM: OpenJDK 64-Bit Server VM (25.212-b04 mixed mode windows-amd64 compressed oops)
Heap:
 PSYoungGen      total 139776K, used 13711K [0x00000000e0000000, 0x00000000e9580000, 0x0000000100000000)
  eden space 126464K, 10% used [0x00000000e0000000,0x00000000e0d63fb8,0x00000000e7b80000)
  from space 13312K, 0% used [0x00000000e7b80000,0x00000000e7b80000,0x00000000e8880000)
  to   space 11776K, 0% used [0x00000000e8a00000,0x00000000e8a00000,0x00000000e9580000)
 ParOldGen       total 82944K, used 17387K [0x00000000a0000000, 0x00000000a5100000, 0x00000000e0000000)
  object space 82944K, 20% used [0x00000000a0000000,0x00000000a10fafb0,0x00000000a5100000)
 Metaspace       used 35783K, capacity 36656K, committed 36992K, reserved 1081344K
  class space    used 4903K, capacity 5127K, committed 5248K, reserved 1048576K
GC Heap History (10 events):
Event: 2.796 GC heap before
{Heap before GC invocations=5 (full 1):
 PSYoungGen      total 76288K, used 10306K [0x00000000e0000000, 0x00000000e5500000, 0x0000000100000000)
  eden space 65536K, 0% used [0x00000000e0000000,0x00000000e0000000,0x00000000e4000000)
  from space 10752K, 95% used [0x00000000e4a80000,0x00000000e54909f8,0x00000000e5500000)
  to   space 10752K, 0% used [0x00000000e4000000,0x00000000e4000000,0x00000000e4a80000)
 ParOldGen       total 175104K, used 1982K [0x00000000a0000000, 0x00000000aab00000, 0x00000000e0000000)
  object space 175104K, 1% used [0x00000000a0000000,0x00000000a01efbc0,0x00000000aab00000)
 Metaspace       used 20632K, capacity 21108K, committed 21296K, reserved 1067008K
  class space    used 2970K, capacity 3106K, committed 3200K, reserved 1048576K
Event: 2.827 GC heap after
Heap after GC invocations=5 (full 1):
 PSYoungGen      total 76288K, used 0K [0x00000000e0000000, 0x00000000e5500000, 0x0000000100000000)
  eden space 65536K, 0% used [0x00000000e0000000,0x00000000e0000000,0x00000000e4000000)
  from space 10752K, 0% used [0x00000000e4a80000,0x00000000e4a80000,0x00000000e5500000)
  to   space 10752K, 0% used [0x00000000e4000000,0x00000000e4000000,0x00000000e4a80000)
 ParOldGen       total 82944K, used 11613K [0x00000000a0000000, 0x00000000a5100000, 0x00000000e0000000)
  object space 82944K, 14% used [0x00000000a0000000,0x00000000a0b57630,0x00000000a5100000)
 Metaspace       used 20632K, capacity 21108K, committed 21296K, reserved 1067008K
  class space    used 2970K, capacity 3106K, committed 3200K, reserved 1048576K
}
Event: 3.670 GC heap before
{Heap before GC invocations=6 (full 1):
 PSYoungGen      total 76288K, used 65536K [0x00000000e0000000, 0x00000000e5500000, 0x0000000100000000)
  eden space 65536K, 100% used [0x00000000e0000000,0x00000000e4000000,0x00000000e4000000)
  from space 10752K, 0% used [0x00000000e4a80000,0x00000000e4a80000,0x00000000e5500000)
  to   space 10752K, 0% used [0x00000000e4000000,0x00000000e4000000,0x00000000e4a80000)
 ParOldGen       total 82944K, used 11613K [0x00000000a0000000, 0x00000000a5100000, 0x00000000e0000000)
  object space 82944K, 14% used [0x00000000a0000000,0x00000000a0b57630,0x00000000a5100000)
 Metaspace       used 28714K, capacity 29150K, committed 29440K, reserved 1075200K
  class space    used 3854K, capacity 4012K, committed 4096K, reserved 1048576K
Event: 3.676 GC heap after
Heap after GC invocations=6 (full 1):
 PSYoungGen      total 76288K, used 7935K [0x00000000e0000000, 0x00000000e9780000, 0x0000000100000000)
  eden space 65536K, 0% used [0x00000000e0000000,0x00000000e0000000,0x00000000e4000000)
  from space 10752K, 73% used [0x00000000e4000000,0x00000000e47bff50,0x00000000e4a80000)
  to   space 13824K, 0% used [0x00000000e8a00000,0x00000000e8a00000,0x00000000e9780000)
 ParOldGen       total 82944K, used 11621K [0x00000000a0000000, 0x00000000a5100000, 0x00000000e0000000)
  object space 82944K, 14% used [0x00000000a0000000,0x00000000a0b59630,0x00000000a5100000)
 Metaspace       used 28714K, capacity 29150K, committed 29440K, reserved 1075200K
  class space    used 3854K, capacity 4012K, committed 4096K, reserved 1048576K
}
Event: 4.117 GC heap before
{Heap before GC invocations=7 (full 1):
 PSYoungGen      total 76288K, used 73471K [0x00000000e0000000, 0x00000000e9780000, 0x0000000100000000)
  eden space 65536K, 100% used [0x00000000e0000000,0x00000000e4000000,0x00000000e4000000)
  from space 10752K, 73% used [0x00000000e4000000,0x00000000e47bff50,0x00000000e4a80000)
  to   space 13824K, 0% used [0x00000000e8a00000,0x00000000e8a00000,0x00000000e9780000)
 ParOldGen       total 82944K, used 11621K [0x00000000a0000000, 0x00000000a5100000, 0x00000000e0000000)
  object space 82944K, 14% used [0x00000000a0000000,0x00000000a0b59630,0x00000000a5100000)
 Metaspace       used 31698K, capacity 32168K, committed 32512K, reserved 1077248K
  class space    used 4340K, capacity 4503K, committed 4608K, reserved 1048576K
Event: 4.129 GC heap after
Heap after GC invocations=7 (full 1):
 PSYoungGen      total 138240K, used 8311K [0x00000000e0000000, 0x00000000e9580000, 0x0000000100000000)
  eden space 126464K, 0% used [0x00000000e0000000,0x00000000e0000000,0x00000000e7b80000)
  from space 11776K, 70% used [0x00000000e8a00000,0x00000000e921de78,0x00000000e9580000)
  to   space 13312K, 0% used [0x00000000e7b80000,0x00000000e7b80000,0x00000000e8880000)
 ParOldGen       total 82944K, used 11629K [0x00000000a0000000, 0x00000000a5100000, 0x00000000e0000000)
  object space 82944K, 14% used [0x00000000a0000000,0x00000000a0b5b630,0x00000000a5100000)
 Metaspace       used 31698K, capacity 32168K, committed 32512K, reserved 1077248K
  class space    used 4340K, capacity 4503K, committed 4608K, reserved 1048576K
}
Event: 4.750 GC heap before
{Heap before GC invocations=8 (full 1):
 PSYoungGen      total 138240K, used 72843K [0x00000000e0000000, 0x00000000e9580000, 0x0000000100000000)
  eden space 126464K, 51% used [0x00000000e0000000,0x00000000e3f04e28,0x00000000e7b80000)
  from space 11776K, 70% used [0x00000000e8a00000,0x00000000e921de78,0x00000000e9580000)
  to   space 13312K, 0% used [0x00000000e7b80000,0x00000000e7b80000,0x00000000e8880000)
 ParOldGen       total 82944K, used 11629K [0x00000000a0000000, 0x00000000a5100000, 0x00000000e0000000)
  object space 82944K, 14% used [0x00000000a0000000,0x00000000a0b5b630,0x00000000a5100000)
 Metaspace       used 34582K, capacity 35378K, committed 35456K, reserved 1079296K
  class space    used 4750K, capacity 4952K, committed 4992K, reserved 1048576K
Event: 4.761 GC heap after
Heap after GC invocations=8 (full 1):
 PSYoungGen      total 139776K, used 10642K [0x00000000e0000000, 0x00000000e9580000, 0x0000000100000000)
  eden space 126464K, 0% used [0x00000000e0000000,0x00000000e0000000,0x00000000e7b80000)
  from space 13312K, 79% used [0x00000000e7b80000,0x00000000e85e4990,0x00000000e8880000)
  to   space 11776K, 0% used [0x00000000e8a00000,0x00000000e8a00000,0x00000000e9580000)
 ParOldGen       total 82944K, used 11637K [0x00000000a0000000, 0x00000000a5100000, 0x00000000e0000000)
  object space 82944K, 14% used [0x00000000a0000000,0x00000000a0b5d630,0x00000000a5100000)
 Metaspace       used 34582K, capacity 35378K, committed 35456K, reserved 1079296K
  class space    used 4750K, capacity 4952K, committed 4992K, reserved 1048576K
}
Event: 4.762 GC heap before
{Heap before GC invocations=9 (full 2):
 PSYoungGen      total 139776K, used 10642K [0x00000000e0000000, 0x00000000e9580000, 0x0000000100000000)
  eden space 126464K, 0% used [0x00000000e0000000,0x00000000e0000000,0x00000000e7b80000)
  from space 13312K, 79% used [0x00000000e7b80000,0x00000000e85e4990,0x00000000e8880000)
  to   space 11776K, 0% used [0x00000000e8a00000,0x00000000e8a00000,0x00000000e9580000)
 ParOldGen       total 82944K, used 11637K [0x00000000a0000000, 0x00000000a5100000, 0x00000000e0000000)
  object space 82944K, 14% used [0x00000000a0000000,0x00000000a0b5d630,0x00000000a5100000)
 Metaspace       used 34582K, capacity 35378K, committed 35456K, reserved 1079296K
  class space    used 4750K, capacity 4952K, committed 4992K, reserved 1048576K
Event: 4.845 GC heap after
Heap after GC invocations=9 (full 2):
 PSYoungGen      total 139776K, used 0K [0x00000000e0000000, 0x00000000e9580000, 0x0000000100000000)
  eden space 126464K, 0% used [0x00000000e0000000,0x00000000e0000000,0x00000000e7b80000)
  from space 13312K, 0% used [0x00000000e7b80000,0x00000000e7b80000,0x00000000e8880000)
  to   space 11776K, 0% used [0x00000000e8a00000,0x00000000e8a00000,0x00000000e9580000)
 ParOldGen       total 82944K, used 17387K [0x00000000a0000000, 0x00000000a5100000, 0x00000000e0000000)
  object space 82944K, 20% used [0x00000000a0000000,0x00000000a10fafb0,0x00000000a5100000)
 Metaspace       used 34573K, capacity 35348K, committed 35456K, reserved 1079296K
  class space    used 4748K, capacity 4947K, committed 4992K, reserved 1048576K
}

