# JRE version: Java(TM) SE Runtime Environment (8.0_121-b13) (build 1.8.0_121-b13)
# Java VM: Java HotSpot(TM) 64-Bit Server VM (25.121-b13 mixed mode windows-amd64 compressed oops)
Heap:
 PSYoungGen      total 233984K, used 10237K [0x000000076ae00000, 0x000000077e500000, 0x00000007c0000000)
  eden space 193536K, 0% used [0x000000076ae00000,0x000000076ae00000,0x0000000776b00000)
  from space 40448K, 25% used [0x0000000776e00000,0x00000007777ff4b8,0x0000000779580000)
  to   space 62464K, 0% used [0x000000077a800000,0x000000077a800000,0x000000077e500000)
 ParOldGen       total 1604608K, used 1604439K [0x00000006c0a00000, 0x0000000743c00000, 0x000000076ae00000)
  object space 1604608K, 99% used [0x00000006c0a00000,0x00000007228d5d98,0x0000000722900000)
 Metaspace       used 16380K, capacity 16792K, committed 17152K, reserved 1064960K
  class space    used 1837K, capacity 1924K, committed 2048K, reserved 1048576K
GC Heap History (10 events):
Event: 71716.976 GC heap after
Heap after GC invocations=219 (full 4):
 PSYoungGen      total 251904K, used 45312K [0x000000076ae00000, 0x000000077fd80000, 0x00000007c0000000)
  eden space 206336K, 0% used [0x000000076ae00000,0x000000076ae00000,0x0000000777780000)
  from space 45568K, 99% used [0x0000000777b00000,0x000000077a7403b0,0x000000077a780000)
  to   space 68608K, 0% used [0x000000077ba80000,0x000000077ba80000,0x000000077fd80000)
 ParOldGen       total 1604608K, used 1587214K [0x00000006c0a00000, 0x0000000722900000, 0x000000076ae00000)
  object space 1604608K, 98% used [0x00000006c0a00000,0x0000000721803918,0x0000000722900000)
 Metaspace       used 16401K, capacity 16826K, committed 17152K, reserved 1064960K
  class space    used 1843K, capacity 1935K, committed 2048K, reserved 1048576K
}
Event: 71855.813 GC heap before
{Heap before GC invocations=220 (full 4):
 PSYoungGen      total 251904K, used 251648K [0x000000076ae00000, 0x000000077fd80000, 0x00000007c0000000)
  eden space 206336K, 100% used [0x000000076ae00000,0x0000000777780000,0x0000000777780000)
  from space 45568K, 99% used [0x0000000777b00000,0x000000077a7403b0,0x000000077a780000)
  to   space 68608K, 0% used [0x000000077ba80000,0x000000077ba80000,0x000000077fd80000)
 ParOldGen       total 1604608K, used 1587214K [0x00000006c0a00000, 0x0000000722900000, 0x000000076ae00000)
  object space 1604608K, 98% used [0x00000006c0a00000,0x0000000721803918,0x0000000722900000)
 Metaspace       used 16401K, capacity 16826K, committed 17152K, reserved 1064960K
  class space    used 1843K, capacity 1935K, committed 2048K, reserved 1048576K
Event: 71855.843 GC heap after
Heap after GC invocations=220 (full 4):
 PSYoungGen      total 264704K, used 42049K [0x000000076ae00000, 0x000000077f700000, 0x00000007c0000000)
  eden space 202752K, 0% used [0x000000076ae00000,0x000000076ae00000,0x0000000777400000)
  from space 61952K, 67% used [0x000000077ba80000,0x000000077e390700,0x000000077f700000)
  to   space 67072K, 0% used [0x0000000777400000,0x0000000777400000,0x000000077b580000)
 ParOldGen       total 1604608K, used 1592361K [0x00000006c0a00000, 0x0000000722900000, 0x000000076ae00000)
  object space 1604608K, 99% used [0x00000006c0a00000,0x0000000721d0a400,0x0000000722900000)
 Metaspace       used 16401K, capacity 16826K, committed 17152K, reserved 1064960K
  class space    used 1843K, capacity 1935K, committed 2048K, reserved 1048576K
}
Event: 71965.989 GC heap before
{Heap before GC invocations=221 (full 4):
 PSYoungGen      total 264704K, used 244801K [0x000000076ae00000, 0x000000077f700000, 0x00000007c0000000)
  eden space 202752K, 100% used [0x000000076ae00000,0x0000000777400000,0x0000000777400000)
  from space 61952K, 67% used [0x000000077ba80000,0x000000077e390700,0x000000077f700000)
  to   space 67072K, 0% used [0x0000000777400000,0x0000000777400000,0x000000077b580000)
 ParOldGen       total 1604608K, used 1592361K [0x00000006c0a00000, 0x0000000722900000, 0x000000076ae00000)
  object space 1604608K, 99% used [0x00000006c0a00000,0x0000000721d0a400,0x0000000722900000)
 Metaspace       used 16401K, capacity 16826K, committed 17152K, reserved 1064960K
  class space    used 1843K, capacity 1935K, committed 2048K, reserved 1048576K
Event: 71966.018 GC heap after
Heap after GC invocations=221 (full 4):
 PSYoungGen      total 240640K, used 40585K [0x000000076ae00000, 0x000000077f100000, 0x00000007c0000000)
  eden space 199680K, 0% used [0x000000076ae00000,0x000000076ae00000,0x0000000777100000)
  from space 40960K, 99% used [0x0000000777400000,0x0000000779ba2548,0x0000000779c00000)
  to   space 65536K, 0% used [0x000000077b100000,0x000000077b100000,0x000000077f100000)
 ParOldGen       total 1604608K, used 1595675K [0x00000006c0a00000, 0x0000000722900000, 0x000000076ae00000)
  object space 1604608K, 99% used [0x00000006c0a00000,0x0000000722046de0,0x0000000722900000)
 Metaspace       used 16401K, capacity 16826K, committed 17152K, reserved 1064960K
  class space    used 1843K, capacity 1935K, committed 2048K, reserved 1048576K
}
Event: 71990.155 GC heap before
{Heap before GC invocations=222 (full 4):
 PSYoungGen      total 240640K, used 240265K [0x000000076ae00000, 0x000000077f100000, 0x00000007c0000000)
  eden space 199680K, 100% used [0x000000076ae00000,0x0000000777100000,0x0000000777100000)
  from space 40960K, 99% used [0x0000000777400000,0x0000000779ba2548,0x0000000779c00000)
  to   space 65536K, 0% used [0x000000077b100000,0x000000077b100000,0x000000077f100000)
 ParOldGen       total 1604608K, used 1595675K [0x00000006c0a00000, 0x0000000722900000, 0x000000076ae00000)
  object space 1604608K, 99% used [0x00000006c0a00000,0x0000000722046de0,0x0000000722900000)
 Metaspace       used 16401K, capacity 16826K, committed 17152K, reserved 1064960K
  class space    used 1843K, capacity 1935K, committed 2048K, reserved 1048576K
Event: 71990.179 GC heap after
Heap after GC invocations=222 (full 4):
 PSYoungGen      total 256000K, used 40881K [0x000000076ae00000, 0x000000077eb00000, 0x00000007c0000000)
  eden space 196608K, 0% used [0x000000076ae00000,0x000000076ae00000,0x0000000776e00000)
  from space 59392K, 68% used [0x000000077b100000,0x000000077d8ec710,0x000000077eb00000)
  to   space 64000K, 0% used [0x0000000776e00000,0x0000000776e00000,0x000000077ac80000)
 ParOldGen       total 1604608K, used 1597047K [0x00000006c0a00000, 0x0000000722900000, 0x000000076ae00000)
  object space 1604608K, 99% used [0x00000006c0a00000,0x000000072219dcd8,0x0000000722900000)
 Metaspace       used 16401K, capacity 16826K, committed 17152K, reserved 1064960K
  class space    used 1843K, capacity 1935K, committed 2048K, reserved 1048576K
}
Event: 72075.143 GC heap before
{Heap before GC invocations=223 (full 4):
 PSYoungGen      total 256000K, used 237489K [0x000000076ae00000, 0x000000077eb00000, 0x00000007c0000000)
  eden space 196608K, 100% used [0x000000076ae00000,0x0000000776e00000,0x0000000776e00000)
  from space 59392K, 68% used [0x000000077b100000,0x000000077d8ec710,0x000000077eb00000)
  to   space 64000K, 0% used [0x0000000776e00000,0x0000000776e00000,0x000000077ac80000)
 ParOldGen       total 1604608K, used 1597047K [0x00000006c0a00000, 0x0000000722900000, 0x000000076ae00000)
  object space 1604608K, 99% used [0x00000006c0a00000,0x000000072219dcd8,0x0000000722900000)
 Metaspace       used 16401K, capacity 16826K, committed 17152K, reserved 1064960K
  class space    used 1843K, capacity 1935K, committed 2048K, reserved 1048576K
Event: 72075.173 GC heap after
Heap after GC invocations=223 (full 4):
 PSYoungGen      total 233984K, used 40057K [0x000000076ae00000, 0x000000077e500000, 0x00000007c0000000)
  eden space 193536K, 0% used [0x000000076ae00000,0x000000076ae00000,0x0000000776b00000)
  from space 40448K, 99% used [0x0000000776e00000,0x000000077951e568,0x0000000779580000)
  to   space 62464K, 0% used [0x000000077a800000,0x000000077a800000,0x000000077e500000)
 ParOldGen       total 1604608K, used 1599711K [0x00000006c0a00000, 0x0000000722900000, 0x000000076ae00000)
  object space 1604608K, 99% used [0x00000006c0a00000,0x0000000722437cd8,0x0000000722900000)
 Metaspace       used 16401K, capacity 16826K, committed 17152K, reserved 1064960K
  class space    used 1843K, capacity 1935K, committed 2048K, reserved 1048576K
}
Event: 72075.173 GC heap before
{Heap before GC invocations=224 (full 5):
 PSYoungGen      total 233984K, used 40057K [0x000000076ae00000, 0x000000077e500000, 0x00000007c0000000)
  eden space 193536K, 0% used [0x000000076ae00000,0x000000076ae00000,0x0000000776b00000)
  from space 40448K, 99% used [0x0000000776e00000,0x000000077951e568,0x0000000779580000)
  to   space 62464K, 0% used [0x000000077a800000,0x000000077a800000,0x000000077e500000)
 ParOldGen       total 1604608K, used 1599711K [0x00000006c0a00000, 0x0000000722900000, 0x000000076ae00000)
  object space 1604608K, 99% used [0x00000006c0a00000,0x0000000722437cd8,0x0000000722900000)
 Metaspace       used 16401K, capacity 16826K, committed 17152K, reserved 1064960K
  class space    used 1843K, capacity 1935K, committed 2048K, reserved 1048576K

